Job ID: 10933906
Cluster: narval
User/Group: kyang/kyang
State: COMPLETED (exit code 0)
Nodes: 1
Cores per node: 6
CPU Utilized: 00:13:38
CPU Efficiency: 16.49% of 01:22:42 core-walltime
Job Wall-clock time: 00:13:47
Memory Utilized: 1.05 GB
Memory Efficiency: 0.58% of 180.66 GB
Job ID: 10933906
Cluster: narval
User/Group: kyang/kyang
State: COMPLETED (exit code 0)
Nodes: 1
Cores per node: 6
CPU Utilized: 00:13:38
CPU Efficiency: 16.49% of 01:22:42 core-walltime
Job Wall-clock time: 00:13:47
Memory Utilized: 1.05 GB
Memory Efficiency: 0.58% of 180.66 GB
