Job ID: 10933903
Cluster: narval
User/Group: kyang/kyang
State: COMPLETED (exit code 0)
Nodes: 1
Cores per node: 6
CPU Utilized: 4-06:14:53
CPU Efficiency: 16.60% of 25-16:07:42 core-walltime
Job Wall-clock time: 4-06:41:17
Memory Utilized: 1.07 GB
Memory Efficiency: 0.59% of 180.66 GB
Job ID: 10933903
Cluster: narval
User/Group: kyang/kyang
State: COMPLETED (exit code 0)
Nodes: 1
Cores per node: 6
CPU Utilized: 4-06:14:53
CPU Efficiency: 16.60% of 25-16:07:42 core-walltime
Job Wall-clock time: 4-06:41:17
Memory Utilized: 1.07 GB
Memory Efficiency: 0.59% of 180.66 GB
