Job ID: 10933907
Cluster: narval
User/Group: kyang/kyang
State: COMPLETED (exit code 0)
Nodes: 1
Cores per node: 6
CPU Utilized: 00:11:36
CPU Efficiency: 16.45% of 01:10:30 core-walltime
Job Wall-clock time: 00:11:45
Memory Utilized: 1.05 GB
Memory Efficiency: 0.58% of 180.66 GB
Job ID: 10933907
Cluster: narval
User/Group: kyang/kyang
State: COMPLETED (exit code 0)
Nodes: 1
Cores per node: 6
CPU Utilized: 00:11:36
CPU Efficiency: 16.45% of 01:10:30 core-walltime
Job Wall-clock time: 00:11:45
Memory Utilized: 1.05 GB
Memory Efficiency: 0.58% of 180.66 GB
